g:\c++\tetris\tetris\x64\debug\vc143.pdb
g:\c++\tetris\tetris\x64\debug\vc143.idb
g:\c++\tetris\tetris\x64\debug\position.obj
g:\c++\tetris\tetris\x64\debug\grid.obj
g:\c++\tetris\tetris\x64\debug\game.obj
g:\c++\tetris\tetris\x64\debug\colors.obj
g:\c++\tetris\tetris\x64\debug\blocks.obj
g:\c++\tetris\tetris\x64\debug\block.obj
g:\c++\tetris\tetris\x64\debug\tetris.obj
g:\c++\tetris\x64\debug\tetris.exe
g:\c++\tetris\x64\debug\tetris.pdb
g:\c++\tetris\x64\debug\raylib.dll
g:\c++\tetris\x64\debug\glfw3.dll
g:\c++\tetris\tetris\x64\debug\tetris.ilk
g:\c++\tetris\tetris\x64\debug\tetris.tlog\cl.command.1.tlog
g:\c++\tetris\tetris\x64\debug\tetris.tlog\cl.items.tlog
g:\c++\tetris\tetris\x64\debug\tetris.tlog\cl.read.1.tlog
g:\c++\tetris\tetris\x64\debug\tetris.tlog\cl.write.1.tlog
g:\c++\tetris\tetris\x64\debug\tetris.tlog\link.command.1.tlog
g:\c++\tetris\tetris\x64\debug\tetris.tlog\link.read.1.tlog
g:\c++\tetris\tetris\x64\debug\tetris.tlog\link.secondary.1.tlog
g:\c++\tetris\tetris\x64\debug\tetris.tlog\link.write.1.tlog
g:\c++\tetris\tetris\x64\debug\tetris.tlog\tetris.write.1u.tlog
